
> rotary@0.1.0 db:migrate
> dotenv -e .env.local -- drizzle-kit migrate

No config path provided, using default 'drizzle.config.ts'
Reading config file '/Users/putunanda/Programming/NextJS/rotary/drizzle.config.ts'
Using 'postgres' driver for database querying
[⣷] applying migrations...[2K[1G[⣯] applying migrations...{
  severity_local: 'NOTICE',
  severity: 'NOTICE',
  code: '42P06',
  message: 'schema "drizzle" already exists, skipping',
  file: 'schemacmds.c',
  line: '132',
  routine: 'CreateSchemaCommand'
}
[2K[1G[⣟] applying migrations...{
  severity_local: 'NOTICE',
  severity: 'NOTICE',
  code: '42P07',
  message: 'relation "__drizzle_migrations" already exists, skipping',
  file: 'parse_utilcmd.c',
  line: '207',
  routine: 'transformCreateStmt'
}
[2K[1G[⡿] applying migrations...[2K[1G[⢿] applying migrations...[2K[1G[⣻] applying migrations...[2K[1G[⣽] applying migrations...[2K[1G[✓] migrations applied successfully!